d:\project\jammernetz\jammernetz\server\jammernetzserver.dir\debug\include_juce_audio_basics.obj
d:\project\jammernetz\jammernetz\server\jammernetzserver.dir\debug\mixerthread.obj
d:\project\jammernetz\jammernetz\server\jammernetzserver.dir\debug\include_juce_core.obj
d:\project\jammernetz\jammernetz\server\jammernetzserver.dir\debug\acceptthread.obj
d:\project\jammernetz\jammernetz\server\jammernetzserver.dir\debug\include_juce_audio_formats.obj
d:\project\jammernetz\jammernetz\server\jammernetzserver.dir\debug\main.obj
d:\project\jammernetz\jammernetz\server\jammernetzserver.dir\debug\include_juce_data_structures.obj
d:\project\jammernetz\jammernetz\server\jammernetzserver.dir\debug\include_juce_audio_devices.obj
d:\project\jammernetz\jammernetz\server\jammernetzserver.dir\debug\include_juce_events.obj
d:\project\jammernetz\jammernetz\server\jammernetzserver.dir\debug\sendthread.obj
d:\project\jammernetz\jammernetz\server\jammernetzserver.dir\debug\include_juce_cryptography.obj
d:\project\jammernetz\jammernetz\server\jammernetzserver.dir\debug\vc141.pdb
d:\project\jammernetz\jammernetz\server\cmakefiles\generate.stamp
d:\project\jammernetz\jammernetz\server\jammernetzserver.dir\debug\jammernetzserver.tlog\cl.command.1.tlog
d:\project\jammernetz\jammernetz\server\jammernetzserver.dir\debug\jammernetzserver.tlog\cl.read.1.tlog
d:\project\jammernetz\jammernetz\server\jammernetzserver.dir\debug\jammernetzserver.tlog\cl.write.1.tlog
d:\project\jammernetz\jammernetz\server\jammernetzserver.dir\debug\jammernetzserver.tlog\custombuild.command.1.tlog
d:\project\jammernetz\jammernetz\server\jammernetzserver.dir\debug\jammernetzserver.tlog\custombuild.read.1.tlog
d:\project\jammernetz\jammernetz\server\jammernetzserver.dir\debug\jammernetzserver.tlog\custombuild.write.1.tlog
d:\project\jammernetz\jammernetz\server\jammernetzserver.dir\debug\jammernetzserver.tlog\link.command.1.tlog
d:\project\jammernetz\jammernetz\server\jammernetzserver.dir\debug\jammernetzserver.tlog\link.read.1.tlog
d:\project\jammernetz\jammernetz\server\jammernetzserver.dir\debug\jammernetzserver.tlog\link.write.1.tlog
